{"/Users/agiammarchi/git/html-parsed-element/index.js":{"b":{"1":[3,9],"2":[3,1],"3":[4,3],"4":[1,2],"5":[3,3],"6":[1,0],"7":[4,1]},"branchMap":{"1":{"line":7,"locations":[{"end":{"column":6,"line":7},"start":{"column":6,"line":7}},{"end":{"column":6,"line":7},"start":{"column":6,"line":7}}],"type":"if"},"2":{"line":23,"locations":[{"end":{"column":6,"line":23},"start":{"column":6,"line":23}},{"end":{"column":6,"line":23},"start":{"column":6,"line":23}}],"type":"if"},"3":{"line":23,"locations":[{"end":{"column":34,"line":23},"start":{"column":10,"line":23}},{"end":{"column":53,"line":23},"start":{"column":38,"line":23}}],"type":"binary-expr"},"4":{"line":27,"locations":[{"end":{"column":8,"line":27},"start":{"column":8,"line":27}},{"end":{"column":8,"line":27},"start":{"column":8,"line":27}}],"type":"if"},"5":{"line":27,"locations":[{"end":{"column":51,"line":27},"start":{"column":12,"line":27}},{"end":{"column":69,"line":27},"start":{"column":55,"line":27}}],"type":"binary-expr"},"6":{"line":34,"locations":[{"end":{"column":12,"line":34},"start":{"column":12,"line":34}},{"end":{"column":12,"line":34},"skip":true,"start":{"column":12,"line":34}}],"type":"if"},"7":{"line":44,"locations":[{"end":{"column":54,"line":44},"start":{"column":31,"line":44}},{"end":{"column":72,"line":44},"start":{"column":58,"line":44}}],"type":"cond-expr"}},"f":{"1":4,"2":5},"fnMap":{"1":{"line":22,"loc":{"end":{"column":24,"line":22},"start":{"column":21,"line":22}},"name":"(anonymous_1)"},"2":{"line":43,"loc":{"end":{"column":17,"line":43},"start":{"column":14,"line":43}},"name":"(anonymous_2)"}},"path":"/Users/agiammarchi/git/html-parsed-element/index.js","s":{"1":1,"2":1,"3":1,"4":1,"5":5,"6":12,"7":3,"8":2,"9":1,"10":2,"11":2,"12":2,"13":1,"14":3,"15":3,"16":1,"17":4,"18":3,"19":3,"20":3,"21":3,"22":1,"23":2,"24":1,"25":2,"26":2,"27":1,"28":1,"29":1,"30":2,"31":5},"statementMap":{"1":{"end":{"column":5,"line":47},"start":{"column":0,"line":2}},"2":{"end":{"column":33,"line":3},"start":{"column":2,"line":3}},"3":{"end":{"column":27,"line":4},"start":{"column":2,"line":4}},"4":{"end":{"column":4,"line":11},"start":{"column":2,"line":5}},"5":{"end":{"column":33,"line":9},"start":{"column":4,"line":6}},"6":{"end":{"column":20,"line":8},"start":{"column":6,"line":7}},"7":{"end":{"column":20,"line":8},"start":{"column":8,"line":8}},"8":{"end":{"column":17,"line":10},"start":{"column":4,"line":10}},"9":{"end":{"column":4,"line":16},"start":{"column":2,"line":12}},"10":{"end":{"column":26,"line":13},"start":{"column":4,"line":13}},"11":{"end":{"column":50,"line":14},"start":{"column":4,"line":14}},"12":{"end":{"column":23,"line":15},"start":{"column":4,"line":15}},"13":{"end":{"column":4,"line":20},"start":{"column":2,"line":17}},"14":{"end":{"column":23,"line":18},"start":{"column":4,"line":18}},"15":{"end":{"column":24,"line":19},"start":{"column":4,"line":19}},"16":{"end":{"column":4,"line":46},"start":{"column":2,"line":21}},"17":{"end":{"column":7,"line":41},"start":{"column":6,"line":23}},"18":{"end":{"column":26,"line":24},"start":{"column":8,"line":24}},"19":{"end":{"column":37,"line":25},"start":{"column":8,"line":25}},"20":{"end":{"column":30,"line":26},"start":{"column":8,"line":26}},"21":{"end":{"column":9,"line":40},"start":{"column":8,"line":27}},"22":{"end":{"column":53,"line":28},"start":{"column":10,"line":28}},"23":{"end":{"column":76,"line":30},"start":{"column":10,"line":30}},"24":{"end":{"column":75,"line":30},"start":{"column":30,"line":30}},"25":{"end":{"column":53,"line":31},"start":{"column":10,"line":31}},"26":{"end":{"column":13,"line":38},"start":{"column":10,"line":32}},"27":{"end":{"column":13,"line":37},"start":{"column":12,"line":34}},"28":{"end":{"column":60,"line":35},"start":{"column":14,"line":35}},"29":{"end":{"column":26,"line":36},"start":{"column":14,"line":36}},"30":{"end":{"column":78,"line":39},"start":{"column":10,"line":39}},"31":{"end":{"column":73,"line":44},"start":{"column":6,"line":44}}}}}