TN:
SF:/Users/agiammarchi/git/html-parsed-element/index.js
FN:22,(anonymous_1)
FN:43,(anonymous_2)
FNF:2
FNH:2
FNDA:4,(anonymous_1)
FNDA:5,(anonymous_2)
DA:2,1
DA:3,1
DA:4,1
DA:5,1
DA:6,5
DA:7,12
DA:8,3
DA:10,2
DA:12,1
DA:13,2
DA:14,2
DA:15,2
DA:17,1
DA:18,3
DA:19,3
DA:21,1
DA:23,4
DA:24,3
DA:25,3
DA:26,3
DA:27,3
DA:28,1
DA:30,2
DA:31,2
DA:32,2
DA:34,1
DA:35,1
DA:36,1
DA:39,2
DA:44,5
LF:30
LH:30
BRDA:7,1,0,3
BRDA:7,1,1,9
BRDA:23,2,0,3
BRDA:23,2,1,1
BRDA:23,3,0,4
BRDA:23,3,1,3
BRDA:27,4,0,1
BRDA:27,4,1,2
BRDA:27,5,0,3
BRDA:27,5,1,3
BRDA:34,6,0,1
BRDA:34,6,1,0
BRDA:44,7,0,4
BRDA:44,7,1,1
BRF:14
BRH:14
end_of_record
